<?xml version="1.0" encoding="UTF-8"?>
<testsuite name="com.example.springboot.HelloControllerTest" tests="1" skipped="0" failures="0" errors="0" timestamp="2021-11-08T05:58:20" hostname="LAPTOP-HDESGR77" time="0.167">
  <properties/>
  <testcase name="getHello()" classname="com.example.springboot.HelloControllerTest" time="0.167"/>
  <system-out><![CDATA[2021-11-08 11:28:19.646  INFO 10376 --- [    Test worker] .b.t.c.SpringBootTestContextBootstrapper : Neither @ContextConfiguration nor @ContextHierarchy found for test class [com.example.springboot.HelloControllerTest], using SpringBootContextLoader
2021-11-08 11:28:19.649  INFO 10376 --- [    Test worker] o.s.t.c.support.AbstractContextLoader    : Could not detect default resource locations for test class [com.example.springboot.HelloControllerTest]: no resource found for suffixes {-context.xml, Context.groovy}.
2021-11-08 11:28:19.650  INFO 10376 --- [    Test worker] t.c.s.AnnotationConfigContextLoaderUtils : Could not detect default configuration classes for test class [com.example.springboot.HelloControllerTest]: HelloControllerTest does not declare any static, non-private, non-final, nested classes annotated with @Configuration.
2021-11-08 11:28:19.665  INFO 10376 --- [    Test worker] .b.t.c.SpringBootTestContextBootstrapper : Found @SpringBootConfiguration com.example.springboot.Application for test class com.example.springboot.HelloControllerTest
2021-11-08 11:28:19.669  INFO 10376 --- [    Test worker] .b.t.c.SpringBootTestContextBootstrapper : Loaded default TestExecutionListener class names from location [META-INF/spring.factories]: [org.springframework.boot.test.autoconfigure.restdocs.RestDocsTestExecutionListener, org.springframework.boot.test.autoconfigure.web.client.MockRestServiceServerResetTestExecutionListener, org.springframework.boot.test.autoconfigure.web.servlet.MockMvcPrintOnlyOnFailureTestExecutionListener, org.springframework.boot.test.autoconfigure.web.servlet.WebDriverTestExecutionListener, org.springframework.boot.test.autoconfigure.webservices.client.MockWebServiceServerTestExecutionListener, org.springframework.boot.test.mock.mockito.MockitoTestExecutionListener, org.springframework.boot.test.mock.mockito.ResetMocksTestExecutionListener, org.springframework.test.context.web.ServletTestExecutionListener, org.springframework.test.context.support.DirtiesContextBeforeModesTestExecutionListener, org.springframework.test.context.event.ApplicationEventsTestExecutionListener, org.springframework.test.context.support.DependencyInjectionTestExecutionListener, org.springframework.test.context.support.DirtiesContextTestExecutionListener, org.springframework.test.context.transaction.TransactionalTestExecutionListener, org.springframework.test.context.jdbc.SqlScriptsTestExecutionListener, org.springframework.test.context.event.EventPublishingTestExecutionListener]
2021-11-08 11:28:19.671  INFO 10376 --- [    Test worker] .b.t.c.SpringBootTestContextBootstrapper : Using TestExecutionListeners: [org.springframework.test.context.web.ServletTestExecutionListener@11199b67, org.springframework.test.context.support.DirtiesContextBeforeModesTestExecutionListener@2d8a62a9, org.springframework.test.context.event.ApplicationEventsTestExecutionListener@63c8550f, org.springframework.boot.test.mock.mockito.MockitoTestExecutionListener@61625dd6, org.springframework.boot.test.autoconfigure.SpringBootDependencyInjectionTestExecutionListener@3cfd203e, org.springframework.test.context.support.DirtiesContextTestExecutionListener@429c8222, org.springframework.test.context.event.EventPublishingTestExecutionListener@63ddc753, org.springframework.boot.test.autoconfigure.restdocs.RestDocsTestExecutionListener@10a2aa13, org.springframework.boot.test.autoconfigure.web.client.MockRestServiceServerResetTestExecutionListener@450b94e9, org.springframework.boot.test.autoconfigure.web.servlet.MockMvcPrintOnlyOnFailureTestExecutionListener@632093f8, org.springframework.boot.test.autoconfigure.web.servlet.WebDriverTestExecutionListener@6e4a2790, org.springframework.boot.test.autoconfigure.webservices.client.MockWebServiceServerTestExecutionListener@6b3dfa78, org.springframework.boot.test.mock.mockito.ResetMocksTestExecutionListener@7208872a]

  .   ____          _            __ _ _
 /\\ / ___'_ __ _ _(_)_ __  __ _ \ \ \ \
( ( )\___ | '_ | '_| | '_ \/ _` | \ \ \ \
 \\/  ___)| |_)| | | | | || (_| |  ) ) ) )
  '  |____| .__|_| |_|_| |_\__, | / / / /
 =========|_|==============|___/=/_/_/_/
 :: Spring Boot ::                (v2.5.6)

2021-11-08 11:28:19.739  INFO 10376 --- [    Test worker] c.e.springboot.HelloControllerTest       : Starting HelloControllerTest using Java 11.0.10 on LAPTOP-HDESGR77 with PID 10376 (started by 000TNI744 in C:\Users\RanjithkumarPanchats\Desktop\Springbot\SpringBoot)
2021-11-08 11:28:19.743  INFO 10376 --- [    Test worker] c.e.springboot.HelloControllerTest       : No active profile set, falling back to default profiles: default
2021-11-08 11:28:20.830  INFO 10376 --- [    Test worker] o.s.b.t.m.w.SpringBootMockServletContext : Initializing Spring TestDispatcherServlet ''
2021-11-08 11:28:20.830  INFO 10376 --- [    Test worker] o.s.t.web.servlet.TestDispatcherServlet  : Initializing Servlet ''
2021-11-08 11:28:20.832  INFO 10376 --- [    Test worker] o.s.t.web.servlet.TestDispatcherServlet  : Completed initialization in 2 ms
2021-11-08 11:28:20.848  INFO 10376 --- [    Test worker] c.e.springboot.HelloControllerTest       : Started HelloControllerTest in 1.174 seconds (JVM running for 11.438)
]]></system-out>
  <system-err><![CDATA[]]></system-err>
</testsuite>
